2025-02-24T07:19:25.049Z [INFO]: ✅ Webhook received: charge.succeeded
2025-02-24T07:19:25.066Z [INFO]: ✅ Webhook received: checkout.session.completed
2025-02-24T07:19:25.124Z [INFO]: ✅ Webhook received: payment_intent.succeeded
2025-02-24T07:19:25.168Z [INFO]: ✅ Webhook received: payment_intent.created
2025-02-24T07:19:27.265Z [INFO]: ✅ Webhook received: charge.updated
2025-02-24 13:07:50 IST [INFO]: ✅ Webhook received: charge.succeeded
2025-02-24 13:07:50 IST [INFO]: ✅ Webhook received: [object Object]
2025-02-24 13:28:41 IST [INFO]: ✅ Webhook verified:
2025-02-24 13:28:41 IST [ERROR]: ❌ Webhook signature verification failed: StripeRepository.saveSession is not a function
2025-02-24 13:28:41 IST [ERROR]: ❌ Webhook signature verification failed: Timestamp outside the tolerance zone
2025-02-24 13:28:41 IST [ERROR]: ❌ Webhook signature verification failed: Timestamp outside the tolerance zone
2025-02-24 13:28:41 IST [ERROR]: ❌ Webhook signature verification failed: Timestamp outside the tolerance zone
2025-02-24 13:28:41 IST [ERROR]: ❌ Webhook signature verification failed: Timestamp outside the tolerance zone
2025-02-24T08:03:40.262Z [INFO]: ✅ Webhook verified:
2025-02-24T08:16:28.005Z [ERROR]: Error in bound getUserPayementDetailsSessionDetails: No such checkout.session: evt_3QvwbzI5WizZwSLQ13jjU27w
2025-02-24T08:16:28.008Z [ERROR]: Error: No such checkout.session: evt_3QvwbzI5WizZwSLQ13jjU27w
    at generateV1Error (D:\2025\backend-typescript\node_modules\stripe\cjs\Error.js:11:20)
    at res.toJSON.then.Error_js_1.StripeAPIError.message (D:\2025\backend-typescript\node_modules\stripe\cjs\RequestSender.js:108:62)
    at processTicksAndRejections (node:internal/process/task_queues:95:5)
2025-02-24T08:17:34.200Z [INFO]: ✅ Webhook verified:
2025-02-24T08:17:34.203Z [ERROR]: ❌ Webhook signature verification failed: StripeRepository.saveSession is not a function
2025-02-24T09:31:11.614Z [INFO]: ✅ Webhook verified:
2025-02-24T09:31:11.618Z [ERROR]: ❌ Webhook signature verification failed: StripeRepository.saveSession is not a function
2025-02-24T09:57:48.812Z [ERROR]: Error in bound createSubscription: userId is not defined
2025-02-24T09:57:48.816Z [ERROR]: ReferenceError: userId is not defined
    at SubscriptionService.createSubscription (D:\2025\backend-typescript\src\services\SubscriptionService.js:12:5)
    at SubscriptionController.createSubscription (D:\2025\backend-typescript\src\controllers\SubscriptionController\SubscriptionController.js:67:48)
    at D:\2025\backend-typescript\src\decorators\TryCatch.js:5:13
    at Layer.handle [as handle_request] (D:\2025\backend-typescript\node_modules\express\lib\router\layer.js:95:5)
    at next (D:\2025\backend-typescript\node_modules\express\lib\router\route.js:149:13)
    at D:\2025\backend-typescript\src\middleware\RoleMiddleware.js:8:14
    at Layer.handle [as handle_request] (D:\2025\backend-typescript\node_modules\express\lib\router\layer.js:95:5)
    at next (D:\2025\backend-typescript\node_modules\express\lib\router\route.js:149:13)
    at D:\2025\backend-typescript\src\middleware\AuthMiddleware.js:19:5
    at D:\2025\backend-typescript\node_modules\jsonwebtoken\verify.js:261:12
2025-02-24T09:59:41.340Z [ERROR]: Error in bound createSubscription: userId is not defined
2025-02-24T09:59:41.343Z [ERROR]: ReferenceError: userId is not defined
    at SubscriptionService.createSubscription (D:\2025\backend-typescript\src\services\SubscriptionService.js:12:5)
    at SubscriptionController.createSubscription (D:\2025\backend-typescript\src\controllers\SubscriptionController\SubscriptionController.js:67:48)
    at D:\2025\backend-typescript\src\decorators\TryCatch.js:5:13
    at Layer.handle [as handle_request] (D:\2025\backend-typescript\node_modules\express\lib\router\layer.js:95:5)
    at next (D:\2025\backend-typescript\node_modules\express\lib\router\route.js:149:13)
    at D:\2025\backend-typescript\src\middleware\RoleMiddleware.js:8:14
    at Layer.handle [as handle_request] (D:\2025\backend-typescript\node_modules\express\lib\router\layer.js:95:5)
    at next (D:\2025\backend-typescript\node_modules\express\lib\router\route.js:149:13)
    at D:\2025\backend-typescript\src\middleware\AuthMiddleware.js:19:5
    at D:\2025\backend-typescript\node_modules\jsonwebtoken\verify.js:261:12
2025-02-24T10:02:47.184Z [INFO]: ✅ Webhook verified:
2025-02-24T10:02:47.189Z [ERROR]: ❌ Webhook signature verification failed: StripeRepository.saveSession is not a function
2025-02-24T10:07:49.830Z [INFO]: ✅ Webhook verified:
2025-02-24T10:58:59.363Z [ERROR]: ❌ Webhook signature verification failed: data is not defined
2025-02-24T10:58:59.398Z [INFO]: ✅ Webhook verified:
2025-02-24T10:58:59.620Z [ERROR]: ❌ Webhook signature verification failed: data is not defined
2025-02-24T10:58:59.680Z [ERROR]: ❌ Webhook signature verification failed: data is not defined
2025-02-24T10:58:59.745Z [ERROR]: ❌ Webhook signature verification failed: PlanRepository is not defined
2025-02-24T10:59:01.614Z [ERROR]: ❌ Webhook signature verification failed: data is not defined
2025-02-24T11:00:29.567Z [INFO]: ✅ Webhook verified:
2025-02-24T11:00:29.933Z [ERROR]: ❌ Webhook signature verification failed: PlanRepository is not defined
2025-02-24T11:01:28.859Z [INFO]: ✅ Webhook verified:
2025-02-24T11:01:29.209Z [ERROR]: ❌ Webhook signature verification failed: Cannot read properties of undefined (reading 'id')
2025-02-24T11:06:09.126Z [INFO]: ✅ Webhook verified:
2025-02-24T11:06:09.487Z [ERROR]: ❌ Webhook signature verification failed: Cannot read properties of undefined (reading 'plan_id')
2025-02-24T11:06:54.587Z [INFO]: ✅ Webhook verified:
2025-02-24T11:06:54.934Z [ERROR]: ❌ Webhook signature verification failed: Cannot read properties of undefined (reading 'subscriber_id')
2025-02-24T11:07:58.762Z [INFO]: ✅ Webhook verified:
2025-02-24T11:07:59.136Z [ERROR]: ❌ Webhook signature verification failed: data is not defined
2025-02-24T11:08:38.164Z [INFO]: ✅ Webhook verified:
2025-02-24T11:15:49.821Z [INFO]: ✅ Webhook verified:
2025-02-24T11:15:50.140Z [ERROR]: ❌ Webhook signature verification failed: response is not defined
2025-02-24T11:17:10.114Z [INFO]: ✅ Webhook verified:
2025-02-24T11:32:24.738Z [INFO]: ✅ Webhook verified:
2025-02-25T11:13:13.737Z [INFO]: ✅ Webhook verified:
2025-02-25T11:13:14.037Z [ERROR]: ❌ Error saving session: notNull Violation: Subscription.subscriber_id cannot be null,
notNull Violation: Subscription.model_id cannot be null,
notNull Violation: Subscription.plan_id cannot be null,
notNull Violation: Subscription.start_date cannot be null,
notNull Violation: Subscription.end_date cannot be null
2025-02-25T11:13:14.070Z [ERROR]: ❌ Webhook signature verification failed: notNull Violation: Subscription.subscriber_id cannot be null,
notNull Violation: Subscription.model_id cannot be null,
notNull Violation: Subscription.plan_id cannot be null,
notNull Violation: Subscription.start_date cannot be null,
notNull Violation: Subscription.end_date cannot be null
2025-02-25T11:16:05.124Z [INFO]: ✅ Webhook verified:
2025-02-25T11:16:08.338Z [ERROR]: ❌ Error saving session: Data truncated for column 'status' at row 1
2025-02-25T11:16:08.341Z [ERROR]: ❌ Webhook signature verification failed: Data truncated for column 'status' at row 1
2025-02-25T11:25:36.024Z [INFO]: ✅ Webhook verified:
2025-02-25T11:28:55.834Z [INFO]: ✅ Webhook verified:
2025-02-25T11:44:52.047Z [INFO]: ✅ Webhook verified:
2025-02-25T11:47:35.276Z [INFO]: ✅ Webhook verified:
2025-02-25T12:16:23.057Z [ERROR]: Error in bound me: Include unexpected. Element has to be either a Model, an Association or an object.
2025-02-25T12:16:23.066Z [ERROR]: Error: Include unexpected. Element has to be either a Model, an Association or an object.
    at Function._conformInclude (D:\2025\backend-typescript\node_modules\sequelize\src\model.js:416:11)
    at D:\2025\backend-typescript\node_modules\sequelize\src\model.js:352:59
    at Array.map (<anonymous>)
    at Function._conformIncludes (D:\2025\backend-typescript\node_modules\sequelize\src\model.js:352:39)
    at Function._baseMerge (D:\2025\backend-typescript\node_modules\sequelize\src\model.js:818:10)
    at Function._defaultsOptions (D:\2025\backend-typescript\node_modules\sequelize\src\model.js:861:17)
    at Function._injectScope (D:\2025\backend-typescript\node_modules\sequelize\src\model.js:3413:10)
    at Function.findAll (D:\2025\backend-typescript\node_modules\sequelize\src\model.js:1777:10)
    at Function.findOne (D:\2025\backend-typescript\node_modules\sequelize\src\model.js:1998:23)
    at UserRepository.getUserById (D:\2025\backend-typescript\src\repositories\UserRepository.js:96:23)
2025-02-25T12:16:33.836Z [ERROR]: Error in bound me: Include unexpected. Element has to be either a Model, an Association or an object.
2025-02-25T12:16:33.843Z [ERROR]: Error: Include unexpected. Element has to be either a Model, an Association or an object.
    at Function._conformInclude (D:\2025\backend-typescript\node_modules\sequelize\src\model.js:416:11)
    at D:\2025\backend-typescript\node_modules\sequelize\src\model.js:352:59
    at Array.map (<anonymous>)
    at Function._conformIncludes (D:\2025\backend-typescript\node_modules\sequelize\src\model.js:352:39)
    at Function._baseMerge (D:\2025\backend-typescript\node_modules\sequelize\src\model.js:818:10)
    at Function._defaultsOptions (D:\2025\backend-typescript\node_modules\sequelize\src\model.js:861:17)
    at Function._injectScope (D:\2025\backend-typescript\node_modules\sequelize\src\model.js:3413:10)
    at Function.findAll (D:\2025\backend-typescript\node_modules\sequelize\src\model.js:1777:10)
    at Function.findOne (D:\2025\backend-typescript\node_modules\sequelize\src\model.js:1998:23)
    at UserRepository.getUserById (D:\2025\backend-typescript\src\repositories\UserRepository.js:96:23)
2025-02-25T12:18:03.479Z [ERROR]: Error in bound me: Include unexpected. Element has to be either a Model, an Association or an object.
2025-02-25T12:18:03.484Z [ERROR]: Error: Include unexpected. Element has to be either a Model, an Association or an object.
    at Function._conformInclude (D:\2025\backend-typescript\node_modules\sequelize\src\model.js:416:11)
    at D:\2025\backend-typescript\node_modules\sequelize\src\model.js:352:59
    at Array.map (<anonymous>)
    at Function._conformIncludes (D:\2025\backend-typescript\node_modules\sequelize\src\model.js:352:39)
    at Function._baseMerge (D:\2025\backend-typescript\node_modules\sequelize\src\model.js:818:10)
    at Function._defaultsOptions (D:\2025\backend-typescript\node_modules\sequelize\src\model.js:861:17)
    at Function._injectScope (D:\2025\backend-typescript\node_modules\sequelize\src\model.js:3413:10)
    at Function.findAll (D:\2025\backend-typescript\node_modules\sequelize\src\model.js:1777:10)
    at Function.findOne (D:\2025\backend-typescript\node_modules\sequelize\src\model.js:1998:23)
    at UserRepository.getUserById (D:\2025\backend-typescript\src\repositories\UserRepository.js:96:23)
2025-02-25T12:18:05.127Z [ERROR]: Error in bound me: Include unexpected. Element has to be either a Model, an Association or an object.
2025-02-25T12:18:05.128Z [ERROR]: Error: Include unexpected. Element has to be either a Model, an Association or an object.
    at Function._conformInclude (D:\2025\backend-typescript\node_modules\sequelize\src\model.js:416:11)
    at D:\2025\backend-typescript\node_modules\sequelize\src\model.js:352:59
    at Array.map (<anonymous>)
    at Function._conformIncludes (D:\2025\backend-typescript\node_modules\sequelize\src\model.js:352:39)
    at Function._baseMerge (D:\2025\backend-typescript\node_modules\sequelize\src\model.js:818:10)
    at Function._defaultsOptions (D:\2025\backend-typescript\node_modules\sequelize\src\model.js:861:17)
    at Function._injectScope (D:\2025\backend-typescript\node_modules\sequelize\src\model.js:3413:10)
    at Function.findAll (D:\2025\backend-typescript\node_modules\sequelize\src\model.js:1777:10)
    at Function.findOne (D:\2025\backend-typescript\node_modules\sequelize\src\model.js:1998:23)
    at UserRepository.getUserById (D:\2025\backend-typescript\src\repositories\UserRepository.js:96:23)
2025-02-25T12:18:25.019Z [ERROR]: Error in bound me: Include unexpected. Element has to be either a Model, an Association or an object.
2025-02-25T12:18:25.024Z [ERROR]: Error: Include unexpected. Element has to be either a Model, an Association or an object.
    at Function._conformInclude (D:\2025\backend-typescript\node_modules\sequelize\src\model.js:416:11)
    at D:\2025\backend-typescript\node_modules\sequelize\src\model.js:352:59
    at Array.map (<anonymous>)
    at Function._conformIncludes (D:\2025\backend-typescript\node_modules\sequelize\src\model.js:352:39)
    at Function._baseMerge (D:\2025\backend-typescript\node_modules\sequelize\src\model.js:818:10)
    at Function._defaultsOptions (D:\2025\backend-typescript\node_modules\sequelize\src\model.js:861:17)
    at Function._injectScope (D:\2025\backend-typescript\node_modules\sequelize\src\model.js:3413:10)
    at Function.findAll (D:\2025\backend-typescript\node_modules\sequelize\src\model.js:1777:10)
    at Function.findOne (D:\2025\backend-typescript\node_modules\sequelize\src\model.js:1998:23)
    at UserRepository.getUserById (D:\2025\backend-typescript\src\repositories\UserRepository.js:96:23)
2025-02-25T12:19:58.396Z [ERROR]: Error in bound me: Include unexpected. Element has to be either a Model, an Association or an object.
2025-02-25T12:19:58.406Z [ERROR]: Error: Include unexpected. Element has to be either a Model, an Association or an object.
    at Function._conformInclude (D:\2025\backend-typescript\node_modules\sequelize\src\model.js:416:11)
    at D:\2025\backend-typescript\node_modules\sequelize\src\model.js:352:59
    at Array.map (<anonymous>)
    at Function._conformIncludes (D:\2025\backend-typescript\node_modules\sequelize\src\model.js:352:39)
    at Function._baseMerge (D:\2025\backend-typescript\node_modules\sequelize\src\model.js:818:10)
    at Function._defaultsOptions (D:\2025\backend-typescript\node_modules\sequelize\src\model.js:861:17)
    at Function._injectScope (D:\2025\backend-typescript\node_modules\sequelize\src\model.js:3413:10)
    at Function.findAll (D:\2025\backend-typescript\node_modules\sequelize\src\model.js:1777:10)
    at Function.findOne (D:\2025\backend-typescript\node_modules\sequelize\src\model.js:1998:23)
    at UserRepository.getUserById (D:\2025\backend-typescript\src\repositories\UserRepository.js:96:23)
2025-02-25T12:20:00.079Z [ERROR]: Error in bound me: Include unexpected. Element has to be either a Model, an Association or an object.
2025-02-25T12:20:00.080Z [ERROR]: Error: Include unexpected. Element has to be either a Model, an Association or an object.
    at Function._conformInclude (D:\2025\backend-typescript\node_modules\sequelize\src\model.js:416:11)
    at D:\2025\backend-typescript\node_modules\sequelize\src\model.js:352:59
    at Array.map (<anonymous>)
    at Function._conformIncludes (D:\2025\backend-typescript\node_modules\sequelize\src\model.js:352:39)
    at Function._baseMerge (D:\2025\backend-typescript\node_modules\sequelize\src\model.js:818:10)
    at Function._defaultsOptions (D:\2025\backend-typescript\node_modules\sequelize\src\model.js:861:17)
    at Function._injectScope (D:\2025\backend-typescript\node_modules\sequelize\src\model.js:3413:10)
    at Function.findAll (D:\2025\backend-typescript\node_modules\sequelize\src\model.js:1777:10)
    at Function.findOne (D:\2025\backend-typescript\node_modules\sequelize\src\model.js:1998:23)
    at UserRepository.getUserById (D:\2025\backend-typescript\src\repositories\UserRepository.js:96:23)
2025-02-25T12:22:23.217Z [ERROR]: Error in bound me: Include unexpected. Element has to be either a Model, an Association or an object.
2025-02-25T12:22:23.223Z [ERROR]: Error: Include unexpected. Element has to be either a Model, an Association or an object.
    at Function._conformInclude (D:\2025\backend-typescript\node_modules\sequelize\src\model.js:416:11)
    at D:\2025\backend-typescript\node_modules\sequelize\src\model.js:352:59
    at Array.map (<anonymous>)
    at Function._conformIncludes (D:\2025\backend-typescript\node_modules\sequelize\src\model.js:352:39)
    at Function._baseMerge (D:\2025\backend-typescript\node_modules\sequelize\src\model.js:818:10)
    at Function._defaultsOptions (D:\2025\backend-typescript\node_modules\sequelize\src\model.js:861:17)
    at Function._injectScope (D:\2025\backend-typescript\node_modules\sequelize\src\model.js:3413:10)
    at Function.findAll (D:\2025\backend-typescript\node_modules\sequelize\src\model.js:1777:10)
    at Function.findOne (D:\2025\backend-typescript\node_modules\sequelize\src\model.js:1998:23)
    at UserRepository.getUserById (D:\2025\backend-typescript\src\repositories\UserRepository.js:96:23)
2025-02-25T12:22:25.673Z [ERROR]: Error in bound me: Include unexpected. Element has to be either a Model, an Association or an object.
2025-02-25T12:22:25.674Z [ERROR]: Error: Include unexpected. Element has to be either a Model, an Association or an object.
    at Function._conformInclude (D:\2025\backend-typescript\node_modules\sequelize\src\model.js:416:11)
    at D:\2025\backend-typescript\node_modules\sequelize\src\model.js:352:59
    at Array.map (<anonymous>)
    at Function._conformIncludes (D:\2025\backend-typescript\node_modules\sequelize\src\model.js:352:39)
    at Function._baseMerge (D:\2025\backend-typescript\node_modules\sequelize\src\model.js:818:10)
    at Function._defaultsOptions (D:\2025\backend-typescript\node_modules\sequelize\src\model.js:861:17)
    at Function._injectScope (D:\2025\backend-typescript\node_modules\sequelize\src\model.js:3413:10)
    at Function.findAll (D:\2025\backend-typescript\node_modules\sequelize\src\model.js:1777:10)
    at Function.findOne (D:\2025\backend-typescript\node_modules\sequelize\src\model.js:1998:23)
    at UserRepository.getUserById (D:\2025\backend-typescript\src\repositories\UserRepository.js:96:23)
2025-03-05T06:30:01.938Z [ERROR]: Error in bound getUsersByRole: Unknown column 'created_at' in 'field list'
2025-03-05T06:30:01.941Z [ERROR]: Error
    at Query.run (D:\Content Sharing\Main Branch\content-sharing-backend\node_modules\sequelize\src\dialects\mysql\query.js:46:25)
    at D:\Content Sharing\Main Branch\content-sharing-backend\node_modules\sequelize\src\sequelize.js:650:28
    at processTicksAndRejections (node:internal/process/task_queues:95:5)
    at async MySQLQueryInterface.select (D:\Content Sharing\Main Branch\content-sharing-backend\node_modules\sequelize\src\dialects\abstract\query-interface.js:1001:12)
    at async Function.findAll (D:\Content Sharing\Main Branch\content-sharing-backend\node_modules\sequelize\src\model.js:1824:21)
    at async UserRepository.getUsersByRole (D:\Content Sharing\Main Branch\content-sharing-backend\src\repositories\UserRepository.js:185:12)
    at async userService.getUsersByRole (D:\Content Sharing\Main Branch\content-sharing-backend\src\services\UserService.js:38:12)
    at async UserController.getUsersByRole (D:\Content Sharing\Main Branch\content-sharing-backend\src\controllers\User\UserController.js:187:22)
    at async D:\Content Sharing\Main Branch\content-sharing-backend\src\decorators\TryCatch.js:5:7
2025-03-05T06:30:03.340Z [ERROR]: Error in bound getLikeByUserId: Unknown column 'Likes.created_at' in 'field list'
2025-03-05T06:30:03.341Z [ERROR]: Error
    at Query.run (D:\Content Sharing\Main Branch\content-sharing-backend\node_modules\sequelize\src\dialects\mysql\query.js:46:25)
    at D:\Content Sharing\Main Branch\content-sharing-backend\node_modules\sequelize\src\sequelize.js:650:28
    at processTicksAndRejections (node:internal/process/task_queues:95:5)
    at async MySQLQueryInterface.select (D:\Content Sharing\Main Branch\content-sharing-backend\node_modules\sequelize\src\dialects\abstract\query-interface.js:1001:12)
    at async Function.findAll (D:\Content Sharing\Main Branch\content-sharing-backend\node_modules\sequelize\src\model.js:1824:21)
    at async ContentRepository.getLikeByUserId (D:\Content Sharing\Main Branch\content-sharing-backend\src\repositories\ContentRepository.js:304:12)
    at async ContentService.getLikeByUserId (D:\Content Sharing\Main Branch\content-sharing-backend\src\services\ContentService.js:103:22)
    at async ContentController.getLikeByUserId (D:\Content Sharing\Main Branch\content-sharing-backend\src\controllers\ContentController\ContentController.js:360:18)
    at async D:\Content Sharing\Main Branch\content-sharing-backend\src\decorators\TryCatch.js:5:7
2025-03-05T06:30:03.774Z [ERROR]: Error in bound getBookmarkByUser: Table 'content_sharing_db.bookmarks' doesn't exist
2025-03-05T06:30:03.774Z [ERROR]: Error
    at Query.run (D:\Content Sharing\Main Branch\content-sharing-backend\node_modules\sequelize\src\dialects\mysql\query.js:46:25)
    at D:\Content Sharing\Main Branch\content-sharing-backend\node_modules\sequelize\src\sequelize.js:650:28
    at processTicksAndRejections (node:internal/process/task_queues:95:5)
    at async MySQLQueryInterface.select (D:\Content Sharing\Main Branch\content-sharing-backend\node_modules\sequelize\src\dialects\abstract\query-interface.js:1001:12)
    at async Function.findAll (D:\Content Sharing\Main Branch\content-sharing-backend\node_modules\sequelize\src\model.js:1824:21)
    at async BookmarkRepository.getBookmarkByUser (D:\Content Sharing\Main Branch\content-sharing-backend\src\repositories\BookmarkRepository.js:18:12)
    at async BookmarkService.getBookmarkbyUser (D:\Content Sharing\Main Branch\content-sharing-backend\src\services\BookmarkService.js:14:12)
    at async BookmarkController.getBookmarkByUser (D:\Content Sharing\Main Branch\content-sharing-backend\src\controllers\BookmarkController\BookmarkController.js:64:22)
    at async D:\Content Sharing\Main Branch\content-sharing-backend\src\decorators\TryCatch.js:5:7
2025-03-05T06:30:04.192Z [ERROR]: Error in bound getAllPlans: Unknown column 'created_at' in 'field list'
2025-03-05T06:30:04.192Z [ERROR]: Error
    at Query.run (D:\Content Sharing\Main Branch\content-sharing-backend\node_modules\sequelize\src\dialects\mysql\query.js:46:25)
    at D:\Content Sharing\Main Branch\content-sharing-backend\node_modules\sequelize\src\sequelize.js:650:28
    at processTicksAndRejections (node:internal/process/task_queues:95:5)
    at async MySQLQueryInterface.select (D:\Content Sharing\Main Branch\content-sharing-backend\node_modules\sequelize\src\dialects\abstract\query-interface.js:1001:12)
    at async Function.findAll (D:\Content Sharing\Main Branch\content-sharing-backend\node_modules\sequelize\src\model.js:1824:21)
    at async PlanRepository.getAll (D:\Content Sharing\Main Branch\content-sharing-backend\src\repositories\PlanRepository.js:19:12)
    at async PlanService.getAllPlans (D:\Content Sharing\Main Branch\content-sharing-backend\src\services\PlanService.js:18:19)
    at async PlanController.getAllPlans (D:\Content Sharing\Main Branch\content-sharing-backend\src\controllers\PlanController\PlanController.js:74:22)
    at async D:\Content Sharing\Main Branch\content-sharing-backend\src\decorators\TryCatch.js:5:7
2025-03-05T06:32:01.085Z [ERROR]: Error in bound getUsersByRole: Unknown column 'created_at' in 'field list'
2025-03-05T06:32:01.086Z [ERROR]: Error
    at Query.run (D:\Content Sharing\Main Branch\content-sharing-backend\node_modules\sequelize\src\dialects\mysql\query.js:46:25)
    at D:\Content Sharing\Main Branch\content-sharing-backend\node_modules\sequelize\src\sequelize.js:650:28
    at processTicksAndRejections (node:internal/process/task_queues:95:5)
    at async MySQLQueryInterface.select (D:\Content Sharing\Main Branch\content-sharing-backend\node_modules\sequelize\src\dialects\abstract\query-interface.js:1001:12)
    at async Function.findAll (D:\Content Sharing\Main Branch\content-sharing-backend\node_modules\sequelize\src\model.js:1824:21)
    at async UserRepository.getUsersByRole (D:\Content Sharing\Main Branch\content-sharing-backend\src\repositories\UserRepository.js:185:12)
    at async userService.getUsersByRole (D:\Content Sharing\Main Branch\content-sharing-backend\src\services\UserService.js:38:12)
    at async UserController.getUsersByRole (D:\Content Sharing\Main Branch\content-sharing-backend\src\controllers\User\UserController.js:187:22)
    at async D:\Content Sharing\Main Branch\content-sharing-backend\src\decorators\TryCatch.js:5:7
2025-03-05T06:32:02.611Z [ERROR]: Error in bound getLikeByUserId: Unknown column 'Likes.created_at' in 'field list'
2025-03-05T06:32:02.611Z [ERROR]: Error
    at Query.run (D:\Content Sharing\Main Branch\content-sharing-backend\node_modules\sequelize\src\dialects\mysql\query.js:46:25)
    at D:\Content Sharing\Main Branch\content-sharing-backend\node_modules\sequelize\src\sequelize.js:650:28
    at processTicksAndRejections (node:internal/process/task_queues:95:5)
    at async MySQLQueryInterface.select (D:\Content Sharing\Main Branch\content-sharing-backend\node_modules\sequelize\src\dialects\abstract\query-interface.js:1001:12)
    at async Function.findAll (D:\Content Sharing\Main Branch\content-sharing-backend\node_modules\sequelize\src\model.js:1824:21)
    at async ContentRepository.getLikeByUserId (D:\Content Sharing\Main Branch\content-sharing-backend\src\repositories\ContentRepository.js:304:12)
    at async ContentService.getLikeByUserId (D:\Content Sharing\Main Branch\content-sharing-backend\src\services\ContentService.js:103:22)
    at async ContentController.getLikeByUserId (D:\Content Sharing\Main Branch\content-sharing-backend\src\controllers\ContentController\ContentController.js:360:18)
    at async D:\Content Sharing\Main Branch\content-sharing-backend\src\decorators\TryCatch.js:5:7
2025-03-05T06:32:03.102Z [ERROR]: Error in bound getBookmarkByUser: Table 'content_sharing_db.bookmarks' doesn't exist
2025-03-05T06:32:03.102Z [ERROR]: Error
    at Query.run (D:\Content Sharing\Main Branch\content-sharing-backend\node_modules\sequelize\src\dialects\mysql\query.js:46:25)
    at D:\Content Sharing\Main Branch\content-sharing-backend\node_modules\sequelize\src\sequelize.js:650:28
    at processTicksAndRejections (node:internal/process/task_queues:95:5)
    at async MySQLQueryInterface.select (D:\Content Sharing\Main Branch\content-sharing-backend\node_modules\sequelize\src\dialects\abstract\query-interface.js:1001:12)
    at async Function.findAll (D:\Content Sharing\Main Branch\content-sharing-backend\node_modules\sequelize\src\model.js:1824:21)
    at async BookmarkRepository.getBookmarkByUser (D:\Content Sharing\Main Branch\content-sharing-backend\src\repositories\BookmarkRepository.js:18:12)
    at async BookmarkService.getBookmarkbyUser (D:\Content Sharing\Main Branch\content-sharing-backend\src\services\BookmarkService.js:14:12)
    at async BookmarkController.getBookmarkByUser (D:\Content Sharing\Main Branch\content-sharing-backend\src\controllers\BookmarkController\BookmarkController.js:64:22)
    at async D:\Content Sharing\Main Branch\content-sharing-backend\src\decorators\TryCatch.js:5:7
2025-03-05T06:32:03.594Z [ERROR]: Error in bound getAllPlans: Unknown column 'created_at' in 'field list'
2025-03-05T06:32:03.594Z [ERROR]: Error
    at Query.run (D:\Content Sharing\Main Branch\content-sharing-backend\node_modules\sequelize\src\dialects\mysql\query.js:46:25)
    at D:\Content Sharing\Main Branch\content-sharing-backend\node_modules\sequelize\src\sequelize.js:650:28
    at processTicksAndRejections (node:internal/process/task_queues:95:5)
    at async MySQLQueryInterface.select (D:\Content Sharing\Main Branch\content-sharing-backend\node_modules\sequelize\src\dialects\abstract\query-interface.js:1001:12)
    at async Function.findAll (D:\Content Sharing\Main Branch\content-sharing-backend\node_modules\sequelize\src\model.js:1824:21)
    at async PlanRepository.getAll (D:\Content Sharing\Main Branch\content-sharing-backend\src\repositories\PlanRepository.js:19:12)
    at async PlanService.getAllPlans (D:\Content Sharing\Main Branch\content-sharing-backend\src\services\PlanService.js:18:19)
    at async PlanController.getAllPlans (D:\Content Sharing\Main Branch\content-sharing-backend\src\controllers\PlanController\PlanController.js:74:22)
    at async D:\Content Sharing\Main Branch\content-sharing-backend\src\decorators\TryCatch.js:5:7
