2025-02-24 13:28:41 IST [ERROR]: ❌ Webhook signature verification failed: StripeRepository.saveSession is not a function
2025-02-24 13:28:41 IST [ERROR]: ❌ Webhook signature verification failed: Timestamp outside the tolerance zone
2025-02-24 13:28:41 IST [ERROR]: ❌ Webhook signature verification failed: Timestamp outside the tolerance zone
2025-02-24 13:28:41 IST [ERROR]: ❌ Webhook signature verification failed: Timestamp outside the tolerance zone
2025-02-24 13:28:41 IST [ERROR]: ❌ Webhook signature verification failed: Timestamp outside the tolerance zone
2025-02-24T08:16:28.005Z [ERROR]: Error in bound getUserPayementDetailsSessionDetails: No such checkout.session: evt_3QvwbzI5WizZwSLQ13jjU27w
2025-02-24T08:16:28.008Z [ERROR]: Error: No such checkout.session: evt_3QvwbzI5WizZwSLQ13jjU27w
    at generateV1Error (D:\2025\backend-typescript\node_modules\stripe\cjs\Error.js:11:20)
    at res.toJSON.then.Error_js_1.StripeAPIError.message (D:\2025\backend-typescript\node_modules\stripe\cjs\RequestSender.js:108:62)
    at processTicksAndRejections (node:internal/process/task_queues:95:5)
2025-02-24T08:17:34.203Z [ERROR]: ❌ Webhook signature verification failed: StripeRepository.saveSession is not a function
2025-02-24T09:31:11.618Z [ERROR]: ❌ Webhook signature verification failed: StripeRepository.saveSession is not a function
2025-02-24T09:57:48.812Z [ERROR]: Error in bound createSubscription: userId is not defined
2025-02-24T09:57:48.816Z [ERROR]: ReferenceError: userId is not defined
    at SubscriptionService.createSubscription (D:\2025\backend-typescript\src\services\SubscriptionService.js:12:5)
    at SubscriptionController.createSubscription (D:\2025\backend-typescript\src\controllers\SubscriptionController\SubscriptionController.js:67:48)
    at D:\2025\backend-typescript\src\decorators\TryCatch.js:5:13
    at Layer.handle [as handle_request] (D:\2025\backend-typescript\node_modules\express\lib\router\layer.js:95:5)
    at next (D:\2025\backend-typescript\node_modules\express\lib\router\route.js:149:13)
    at D:\2025\backend-typescript\src\middleware\RoleMiddleware.js:8:14
    at Layer.handle [as handle_request] (D:\2025\backend-typescript\node_modules\express\lib\router\layer.js:95:5)
    at next (D:\2025\backend-typescript\node_modules\express\lib\router\route.js:149:13)
    at D:\2025\backend-typescript\src\middleware\AuthMiddleware.js:19:5
    at D:\2025\backend-typescript\node_modules\jsonwebtoken\verify.js:261:12
2025-02-24T09:59:41.340Z [ERROR]: Error in bound createSubscription: userId is not defined
2025-02-24T09:59:41.343Z [ERROR]: ReferenceError: userId is not defined
    at SubscriptionService.createSubscription (D:\2025\backend-typescript\src\services\SubscriptionService.js:12:5)
    at SubscriptionController.createSubscription (D:\2025\backend-typescript\src\controllers\SubscriptionController\SubscriptionController.js:67:48)
    at D:\2025\backend-typescript\src\decorators\TryCatch.js:5:13
    at Layer.handle [as handle_request] (D:\2025\backend-typescript\node_modules\express\lib\router\layer.js:95:5)
    at next (D:\2025\backend-typescript\node_modules\express\lib\router\route.js:149:13)
    at D:\2025\backend-typescript\src\middleware\RoleMiddleware.js:8:14
    at Layer.handle [as handle_request] (D:\2025\backend-typescript\node_modules\express\lib\router\layer.js:95:5)
    at next (D:\2025\backend-typescript\node_modules\express\lib\router\route.js:149:13)
    at D:\2025\backend-typescript\src\middleware\AuthMiddleware.js:19:5
    at D:\2025\backend-typescript\node_modules\jsonwebtoken\verify.js:261:12
2025-02-24T10:02:47.189Z [ERROR]: ❌ Webhook signature verification failed: StripeRepository.saveSession is not a function
2025-02-24T10:58:59.363Z [ERROR]: ❌ Webhook signature verification failed: data is not defined
2025-02-24T10:58:59.620Z [ERROR]: ❌ Webhook signature verification failed: data is not defined
2025-02-24T10:58:59.680Z [ERROR]: ❌ Webhook signature verification failed: data is not defined
2025-02-24T10:58:59.745Z [ERROR]: ❌ Webhook signature verification failed: PlanRepository is not defined
2025-02-24T10:59:01.614Z [ERROR]: ❌ Webhook signature verification failed: data is not defined
2025-02-24T11:00:29.933Z [ERROR]: ❌ Webhook signature verification failed: PlanRepository is not defined
2025-02-24T11:01:29.209Z [ERROR]: ❌ Webhook signature verification failed: Cannot read properties of undefined (reading 'id')
2025-02-24T11:06:09.487Z [ERROR]: ❌ Webhook signature verification failed: Cannot read properties of undefined (reading 'plan_id')
2025-02-24T11:06:54.934Z [ERROR]: ❌ Webhook signature verification failed: Cannot read properties of undefined (reading 'subscriber_id')
2025-02-24T11:07:59.136Z [ERROR]: ❌ Webhook signature verification failed: data is not defined
2025-02-24T11:15:50.140Z [ERROR]: ❌ Webhook signature verification failed: response is not defined
2025-02-25T11:13:14.037Z [ERROR]: ❌ Error saving session: notNull Violation: Subscription.subscriber_id cannot be null,
notNull Violation: Subscription.model_id cannot be null,
notNull Violation: Subscription.plan_id cannot be null,
notNull Violation: Subscription.start_date cannot be null,
notNull Violation: Subscription.end_date cannot be null
2025-02-25T11:13:14.070Z [ERROR]: ❌ Webhook signature verification failed: notNull Violation: Subscription.subscriber_id cannot be null,
notNull Violation: Subscription.model_id cannot be null,
notNull Violation: Subscription.plan_id cannot be null,
notNull Violation: Subscription.start_date cannot be null,
notNull Violation: Subscription.end_date cannot be null
2025-02-25T11:16:08.338Z [ERROR]: ❌ Error saving session: Data truncated for column 'status' at row 1
2025-02-25T11:16:08.341Z [ERROR]: ❌ Webhook signature verification failed: Data truncated for column 'status' at row 1
2025-02-25T12:16:23.057Z [ERROR]: Error in bound me: Include unexpected. Element has to be either a Model, an Association or an object.
2025-02-25T12:16:23.066Z [ERROR]: Error: Include unexpected. Element has to be either a Model, an Association or an object.
    at Function._conformInclude (D:\2025\backend-typescript\node_modules\sequelize\src\model.js:416:11)
    at D:\2025\backend-typescript\node_modules\sequelize\src\model.js:352:59
    at Array.map (<anonymous>)
    at Function._conformIncludes (D:\2025\backend-typescript\node_modules\sequelize\src\model.js:352:39)
    at Function._baseMerge (D:\2025\backend-typescript\node_modules\sequelize\src\model.js:818:10)
    at Function._defaultsOptions (D:\2025\backend-typescript\node_modules\sequelize\src\model.js:861:17)
    at Function._injectScope (D:\2025\backend-typescript\node_modules\sequelize\src\model.js:3413:10)
    at Function.findAll (D:\2025\backend-typescript\node_modules\sequelize\src\model.js:1777:10)
    at Function.findOne (D:\2025\backend-typescript\node_modules\sequelize\src\model.js:1998:23)
    at UserRepository.getUserById (D:\2025\backend-typescript\src\repositories\UserRepository.js:96:23)
2025-02-25T12:16:33.836Z [ERROR]: Error in bound me: Include unexpected. Element has to be either a Model, an Association or an object.
2025-02-25T12:16:33.843Z [ERROR]: Error: Include unexpected. Element has to be either a Model, an Association or an object.
    at Function._conformInclude (D:\2025\backend-typescript\node_modules\sequelize\src\model.js:416:11)
    at D:\2025\backend-typescript\node_modules\sequelize\src\model.js:352:59
    at Array.map (<anonymous>)
    at Function._conformIncludes (D:\2025\backend-typescript\node_modules\sequelize\src\model.js:352:39)
    at Function._baseMerge (D:\2025\backend-typescript\node_modules\sequelize\src\model.js:818:10)
    at Function._defaultsOptions (D:\2025\backend-typescript\node_modules\sequelize\src\model.js:861:17)
    at Function._injectScope (D:\2025\backend-typescript\node_modules\sequelize\src\model.js:3413:10)
    at Function.findAll (D:\2025\backend-typescript\node_modules\sequelize\src\model.js:1777:10)
    at Function.findOne (D:\2025\backend-typescript\node_modules\sequelize\src\model.js:1998:23)
    at UserRepository.getUserById (D:\2025\backend-typescript\src\repositories\UserRepository.js:96:23)
2025-02-25T12:18:03.479Z [ERROR]: Error in bound me: Include unexpected. Element has to be either a Model, an Association or an object.
2025-02-25T12:18:03.484Z [ERROR]: Error: Include unexpected. Element has to be either a Model, an Association or an object.
    at Function._conformInclude (D:\2025\backend-typescript\node_modules\sequelize\src\model.js:416:11)
    at D:\2025\backend-typescript\node_modules\sequelize\src\model.js:352:59
    at Array.map (<anonymous>)
    at Function._conformIncludes (D:\2025\backend-typescript\node_modules\sequelize\src\model.js:352:39)
    at Function._baseMerge (D:\2025\backend-typescript\node_modules\sequelize\src\model.js:818:10)
    at Function._defaultsOptions (D:\2025\backend-typescript\node_modules\sequelize\src\model.js:861:17)
    at Function._injectScope (D:\2025\backend-typescript\node_modules\sequelize\src\model.js:3413:10)
    at Function.findAll (D:\2025\backend-typescript\node_modules\sequelize\src\model.js:1777:10)
    at Function.findOne (D:\2025\backend-typescript\node_modules\sequelize\src\model.js:1998:23)
    at UserRepository.getUserById (D:\2025\backend-typescript\src\repositories\UserRepository.js:96:23)
2025-02-25T12:18:05.127Z [ERROR]: Error in bound me: Include unexpected. Element has to be either a Model, an Association or an object.
2025-02-25T12:18:05.128Z [ERROR]: Error: Include unexpected. Element has to be either a Model, an Association or an object.
    at Function._conformInclude (D:\2025\backend-typescript\node_modules\sequelize\src\model.js:416:11)
    at D:\2025\backend-typescript\node_modules\sequelize\src\model.js:352:59
    at Array.map (<anonymous>)
    at Function._conformIncludes (D:\2025\backend-typescript\node_modules\sequelize\src\model.js:352:39)
    at Function._baseMerge (D:\2025\backend-typescript\node_modules\sequelize\src\model.js:818:10)
    at Function._defaultsOptions (D:\2025\backend-typescript\node_modules\sequelize\src\model.js:861:17)
    at Function._injectScope (D:\2025\backend-typescript\node_modules\sequelize\src\model.js:3413:10)
    at Function.findAll (D:\2025\backend-typescript\node_modules\sequelize\src\model.js:1777:10)
    at Function.findOne (D:\2025\backend-typescript\node_modules\sequelize\src\model.js:1998:23)
    at UserRepository.getUserById (D:\2025\backend-typescript\src\repositories\UserRepository.js:96:23)
2025-02-25T12:18:25.019Z [ERROR]: Error in bound me: Include unexpected. Element has to be either a Model, an Association or an object.
2025-02-25T12:18:25.024Z [ERROR]: Error: Include unexpected. Element has to be either a Model, an Association or an object.
    at Function._conformInclude (D:\2025\backend-typescript\node_modules\sequelize\src\model.js:416:11)
    at D:\2025\backend-typescript\node_modules\sequelize\src\model.js:352:59
    at Array.map (<anonymous>)
    at Function._conformIncludes (D:\2025\backend-typescript\node_modules\sequelize\src\model.js:352:39)
    at Function._baseMerge (D:\2025\backend-typescript\node_modules\sequelize\src\model.js:818:10)
    at Function._defaultsOptions (D:\2025\backend-typescript\node_modules\sequelize\src\model.js:861:17)
    at Function._injectScope (D:\2025\backend-typescript\node_modules\sequelize\src\model.js:3413:10)
    at Function.findAll (D:\2025\backend-typescript\node_modules\sequelize\src\model.js:1777:10)
    at Function.findOne (D:\2025\backend-typescript\node_modules\sequelize\src\model.js:1998:23)
    at UserRepository.getUserById (D:\2025\backend-typescript\src\repositories\UserRepository.js:96:23)
2025-02-25T12:19:58.396Z [ERROR]: Error in bound me: Include unexpected. Element has to be either a Model, an Association or an object.
2025-02-25T12:19:58.406Z [ERROR]: Error: Include unexpected. Element has to be either a Model, an Association or an object.
    at Function._conformInclude (D:\2025\backend-typescript\node_modules\sequelize\src\model.js:416:11)
    at D:\2025\backend-typescript\node_modules\sequelize\src\model.js:352:59
    at Array.map (<anonymous>)
    at Function._conformIncludes (D:\2025\backend-typescript\node_modules\sequelize\src\model.js:352:39)
    at Function._baseMerge (D:\2025\backend-typescript\node_modules\sequelize\src\model.js:818:10)
    at Function._defaultsOptions (D:\2025\backend-typescript\node_modules\sequelize\src\model.js:861:17)
    at Function._injectScope (D:\2025\backend-typescript\node_modules\sequelize\src\model.js:3413:10)
    at Function.findAll (D:\2025\backend-typescript\node_modules\sequelize\src\model.js:1777:10)
    at Function.findOne (D:\2025\backend-typescript\node_modules\sequelize\src\model.js:1998:23)
    at UserRepository.getUserById (D:\2025\backend-typescript\src\repositories\UserRepository.js:96:23)
2025-02-25T12:20:00.079Z [ERROR]: Error in bound me: Include unexpected. Element has to be either a Model, an Association or an object.
2025-02-25T12:20:00.080Z [ERROR]: Error: Include unexpected. Element has to be either a Model, an Association or an object.
    at Function._conformInclude (D:\2025\backend-typescript\node_modules\sequelize\src\model.js:416:11)
    at D:\2025\backend-typescript\node_modules\sequelize\src\model.js:352:59
    at Array.map (<anonymous>)
    at Function._conformIncludes (D:\2025\backend-typescript\node_modules\sequelize\src\model.js:352:39)
    at Function._baseMerge (D:\2025\backend-typescript\node_modules\sequelize\src\model.js:818:10)
    at Function._defaultsOptions (D:\2025\backend-typescript\node_modules\sequelize\src\model.js:861:17)
    at Function._injectScope (D:\2025\backend-typescript\node_modules\sequelize\src\model.js:3413:10)
    at Function.findAll (D:\2025\backend-typescript\node_modules\sequelize\src\model.js:1777:10)
    at Function.findOne (D:\2025\backend-typescript\node_modules\sequelize\src\model.js:1998:23)
    at UserRepository.getUserById (D:\2025\backend-typescript\src\repositories\UserRepository.js:96:23)
2025-02-25T12:22:23.217Z [ERROR]: Error in bound me: Include unexpected. Element has to be either a Model, an Association or an object.
2025-02-25T12:22:23.223Z [ERROR]: Error: Include unexpected. Element has to be either a Model, an Association or an object.
    at Function._conformInclude (D:\2025\backend-typescript\node_modules\sequelize\src\model.js:416:11)
    at D:\2025\backend-typescript\node_modules\sequelize\src\model.js:352:59
    at Array.map (<anonymous>)
    at Function._conformIncludes (D:\2025\backend-typescript\node_modules\sequelize\src\model.js:352:39)
    at Function._baseMerge (D:\2025\backend-typescript\node_modules\sequelize\src\model.js:818:10)
    at Function._defaultsOptions (D:\2025\backend-typescript\node_modules\sequelize\src\model.js:861:17)
    at Function._injectScope (D:\2025\backend-typescript\node_modules\sequelize\src\model.js:3413:10)
    at Function.findAll (D:\2025\backend-typescript\node_modules\sequelize\src\model.js:1777:10)
    at Function.findOne (D:\2025\backend-typescript\node_modules\sequelize\src\model.js:1998:23)
    at UserRepository.getUserById (D:\2025\backend-typescript\src\repositories\UserRepository.js:96:23)
2025-02-25T12:22:25.673Z [ERROR]: Error in bound me: Include unexpected. Element has to be either a Model, an Association or an object.
2025-02-25T12:22:25.674Z [ERROR]: Error: Include unexpected. Element has to be either a Model, an Association or an object.
    at Function._conformInclude (D:\2025\backend-typescript\node_modules\sequelize\src\model.js:416:11)
    at D:\2025\backend-typescript\node_modules\sequelize\src\model.js:352:59
    at Array.map (<anonymous>)
    at Function._conformIncludes (D:\2025\backend-typescript\node_modules\sequelize\src\model.js:352:39)
    at Function._baseMerge (D:\2025\backend-typescript\node_modules\sequelize\src\model.js:818:10)
    at Function._defaultsOptions (D:\2025\backend-typescript\node_modules\sequelize\src\model.js:861:17)
    at Function._injectScope (D:\2025\backend-typescript\node_modules\sequelize\src\model.js:3413:10)
    at Function.findAll (D:\2025\backend-typescript\node_modules\sequelize\src\model.js:1777:10)
    at Function.findOne (D:\2025\backend-typescript\node_modules\sequelize\src\model.js:1998:23)
    at UserRepository.getUserById (D:\2025\backend-typescript\src\repositories\UserRepository.js:96:23)
